#
# There is insufficient memory for the Java Runtime Environment to continue.
# Native memory allocation (malloc) failed to allocate 1783456 bytes for Chunk::new
# Possible reasons:
#   The system is out of physical RAM or swap space
#   The process is running with CompressedOops enabled, and the Java Heap may be blocking the growth of the native heap
# Possible solutions:
#   Reduce memory load on the system
#   Increase physical memory or swap space
#   Check if swap backing store is full
#   Decrease Java heap size (-Xmx/-Xms)
#   Decrease number of Java threads
#   Decrease Java thread stack sizes (-Xss)
#   Set larger code cache with -XX:ReservedCodeCacheSize=
#   JVM is running with Unscaled Compressed Oops mode in which the Java heap is
#     placed in the first 4GB address space. The Java Heap base address is the
#     maximum limit for the native heap growth. Please use -XX:HeapBaseMinAddress
#     to set the Java Heap base and to place the Java Heap above 4GB virtual address.
# This output file may be truncated or incomplete.
#
#  Out of Memory Error (arena.cpp:189), pid=5208, tid=15572
#
# JRE version: OpenJDK Runtime Environment (17.0.6) (build 17.0.6+0-b2043.56-10027231)
# Java VM: OpenJDK 64-Bit Server VM (17.0.6+0-b2043.56-10027231, mixed mode, tiered, compressed oops, compressed class ptrs, g1 gc, windows-amd64)
# No core dump will be written. Minidumps are not enabled by default on client versions of Windows
#

---------------  S U M M A R Y ------------

Command Line: org.jetbrains.kotlin.cli.jvm.K2JVMCompiler @C:\Users\fumik\AndroidStudioProjects\Shebetar\app\build\20231211_5179592267131267395.compiler.options

Host: 11th Gen Intel(R) Core(TM) i3-1115G4 @ 3.00GHz, 4 cores, 7G,  Windows 11 , 64 bit Build 22621 (10.0.22621.2506)
Time: Mon Dec 11 20:59:08 2023  Windows 11 , 64 bit Build 22621 (10.0.22621.2506) elapsed time: 2.870779 seconds (0d 0h 0m 2s)

---------------  T H R E A D  ---------------

Current thread (0x000001cc7a55e600):  JavaThread "C2 CompilerThread0" daemon [_thread_in_native, id=15572, stack(0x0000007559a00000,0x0000007559b00000)]


Current CompileTask:
C2:   2870 3464       4       org.jetbrains.kotlin.parsing.AbstractKotlinParsing::advance (10 bytes)

Stack: [0x0000007559a00000,0x0000007559b00000]
Native frames: (J=compiled Java code, j=interpreted, Vv=VM code, C=native code)
V  [jvm.dll+0x683c9a]
V  [jvm.dll+0x8427a4]
V  [jvm.dll+0x843f9e]
V  [jvm.dll+0x844603]
V  [jvm.dll+0x249b75]
V  [jvm.dll+0xabcac]
V  [jvm.dll+0xac27c]
V  [jvm.dll+0x2b0eef]
V  [jvm.dll+0x58a267]
V  [jvm.dll+0x2243b2]
V  [jvm.dll+0x22478f]
V  [jvm.dll+0x21e055]
V  [jvm.dll+0x21b51b]
V  [jvm.dll+0x1a4fdd]
V  [jvm.dll+0x22b098]
V  [jvm.dll+0x229159]
V  [jvm.dll+0x7f81ec]
V  [jvm.dll+0x7f274a]
V  [jvm.dll+0x682ad5]
C  [ucrtbase.dll+0x29363]
C  [KERNEL32.DLL+0x1257d]
C  [ntdll.dll+0x5aa58]


---------------  P R O C E S S  ---------------

Threads class SMR info:
_java_thread_list=0x000001cc7a684af0, length=13, elements={
0x000001cc6f6f8c00, 0x000001cc79add1f0, 0x000001cc79addda0, 0x000001cc7a51f780,
0x000001cc7a520240, 0x000001cc7a55d150, 0x000001cc7a55da10, 0x000001cc7a55e600,
0x000001cc7a554ea0, 0x000001cc7a52e000, 0x000001cc7a6a0550, 0x000001cc7a6b6010,
0x000001cc7a6bb610
}

Java Threads: ( => current thread )
  0x000001cc6f6f8c00 JavaThread "main" [_thread_in_vm, id=7184, stack(0x0000007558d00000,0x0000007558e00000)]
  0x000001cc79add1f0 JavaThread "Reference Handler" daemon [_thread_blocked, id=12316, stack(0x0000007559400000,0x0000007559500000)]
  0x000001cc79addda0 JavaThread "Finalizer" daemon [_thread_blocked, id=11896, stack(0x0000007559500000,0x0000007559600000)]
  0x000001cc7a51f780 JavaThread "Signal Dispatcher" daemon [_thread_blocked, id=16584, stack(0x0000007559600000,0x0000007559700000)]
  0x000001cc7a520240 JavaThread "Attach Listener" daemon [_thread_blocked, id=14680, stack(0x0000007559700000,0x0000007559800000)]
  0x000001cc7a55d150 JavaThread "Service Thread" daemon [_thread_blocked, id=18492, stack(0x0000007559800000,0x0000007559900000)]
  0x000001cc7a55da10 JavaThread "Monitor Deflation Thread" daemon [_thread_blocked, id=10224, stack(0x0000007559900000,0x0000007559a00000)]
=>0x000001cc7a55e600 JavaThread "C2 CompilerThread0" daemon [_thread_in_native, id=15572, stack(0x0000007559a00000,0x0000007559b00000)]
  0x000001cc7a554ea0 JavaThread "C1 CompilerThread0" daemon [_thread_blocked, id=108, stack(0x0000007559b00000,0x0000007559c00000)]
  0x000001cc7a52e000 JavaThread "Sweeper thread" daemon [_thread_blocked, id=11036, stack(0x0000007559c00000,0x0000007559d00000)]
  0x000001cc7a6a0550 JavaThread "Notification Thread" daemon [_thread_blocked, id=1920, stack(0x0000007559d00000,0x0000007559e00000)]
  0x000001cc7a6b6010 JavaThread "Common-Cleaner" daemon [_thread_blocked, id=10952, stack(0x0000007559f00000,0x000000755a000000)]
  0x000001cc7a6bb610 JavaThread "C2 CompilerThread1" daemon [_thread_blocked, id=18824, stack(0x000000755a000000,0x000000755a100000)]

Other Threads:
  0x000001cc79ad8560 VMThread "VM Thread" [stack: 0x0000007559300000,0x0000007559400000] [id=11168]
  0x000001cc6f76a770 WatcherThread [stack: 0x0000007559e00000,0x0000007559f00000] [id=492]
  0x000001cc6f753200 GCTaskThread "GC Thread#0" [stack: 0x0000007558e00000,0x0000007558f00000] [id=5932]
  0x000001cc7aab5920 GCTaskThread "GC Thread#1" [stack: 0x000000755a100000,0x000000755a200000] [id=15408]
  0x000001cc7abed260 GCTaskThread "GC Thread#2" [stack: 0x000000755a200000,0x000000755a300000] [id=15552]
  0x000001cc7abc9f80 GCTaskThread "GC Thread#3" [stack: 0x000000755a300000,0x000000755a400000] [id=7340]
  0x000001cc6f763a80 ConcurrentGCThread "G1 Main Marker" [stack: 0x0000007558f00000,0x0000007559000000] [id=16020]
  0x000001cc6f764490 ConcurrentGCThread "G1 Conc#0" [stack: 0x0000007559000000,0x0000007559100000] [id=2612]
  0x000001cc6f7bd450 ConcurrentGCThread "G1 Refine#0" [stack: 0x0000007559100000,0x0000007559200000] [id=5608]
  0x000001cc7c223580 ConcurrentGCThread "G1 Refine#1" [stack: 0x000000755a400000,0x000000755a500000] [id=19192]
  0x000001cc7c2232a0 ConcurrentGCThread "G1 Refine#2" [stack: 0x000000755a500000,0x000000755a600000] [id=20696]
  0x000001cc6f7bde70 ConcurrentGCThread "G1 Service" [stack: 0x0000007559200000,0x0000007559300000] [id=15528]

Threads with active compile tasks:
C2 CompilerThread0     2902 3464       4       org.jetbrains.kotlin.parsing.AbstractKotlinParsing::advance (10 bytes)

VM state: not at safepoint (normal execution)

VM Mutex/Monitor currently owned by a thread: None

Heap address: 0x0000000083600000, size: 1994 MB, Compressed Oops mode: 32-bit

CDS archive(s) not mapped
Compressed class space mapped at: 0x0000000100000000-0x0000000140000000, reserved size: 1073741824
Narrow klass base: 0x0000000000000000, Narrow klass shift: 3, Narrow klass range: 0x140000000

GC Precious Log:
 CPUs: 4 total, 4 available
 Memory: 7975M
 Large Page Support: Disabled
 NUMA Support: Disabled
 Compressed Oops: Enabled (32-bit)
 Heap Region Size: 1M
 Heap Min Capacity: 8M
 Heap Initial Capacity: 126M
 Heap Max Capacity: 1994M
 Pre-touch: Disabled
 Parallel Workers: 4
 Concurrent Workers: 1
 Concurrent Refinement Workers: 4
 Periodic GC: Disabled

Heap:
 garbage-first heap   total 87040K, used 35823K [0x0000000083600000, 0x0000000100000000)
  region size 1024K, 5 young (5120K), 2 survivors (2048K)
 Metaspace       used 47984K, committed 48256K, reserved 1097728K
  class space    used 5763K, committed 5888K, reserved 1048576K

Heap Regions: E=young(eden), S=young(survivor), O=old, HS=humongous(starts), HC=humongous(continues), CS=collection set, F=free, OA=open archive, CA=closed archive, TAMS=top-at-mark-start (previous, next)
|   0|0x0000000083600000, 0x0000000083700000, 0x0000000083700000|100%|HS|  |TAMS 0x0000000083700000, 0x0000000083600000| Complete 
|   1|0x0000000083700000, 0x0000000083800000, 0x0000000083800000|100%|HC|  |TAMS 0x0000000083800000, 0x0000000083700000| Complete 
|   2|0x0000000083800000, 0x0000000083900000, 0x0000000083900000|100%|HC|  |TAMS 0x0000000083900000, 0x0000000083800000| Complete 
|   3|0x0000000083900000, 0x0000000083a00000, 0x0000000083a00000|100%|HC|  |TAMS 0x0000000083a00000, 0x0000000083900000| Complete 
|   4|0x0000000083a00000, 0x0000000083b00000, 0x0000000083b00000|100%| O|  |TAMS 0x0000000083b00000, 0x0000000083a00000| Untracked 
|   5|0x0000000083b00000, 0x0000000083c00000, 0x0000000083c00000|100%| O|  |TAMS 0x0000000083c00000, 0x0000000083b00000| Untracked 
|   6|0x0000000083c00000, 0x0000000083c4ca00, 0x0000000083d00000| 29%| O|  |TAMS 0x0000000083c4ca00, 0x0000000083c00000| Untracked 
|   7|0x0000000083d00000, 0x0000000083e00000, 0x0000000083e00000|100%|HS|  |TAMS 0x0000000083e00000, 0x0000000083d00000| Complete 
|   8|0x0000000083e00000, 0x0000000083f00000, 0x0000000083f00000|100%|HC|  |TAMS 0x0000000083f00000, 0x0000000083e00000| Complete 
|   9|0x0000000083f00000, 0x0000000084000000, 0x0000000084000000|100%|HC|  |TAMS 0x0000000084000000, 0x0000000083f00000| Complete 
|  10|0x0000000084000000, 0x0000000084100000, 0x0000000084100000|100%|HC|  |TAMS 0x0000000084100000, 0x0000000084000000| Complete 
|  11|0x0000000084100000, 0x0000000084200000, 0x0000000084200000|100%| O|  |TAMS 0x0000000084200000, 0x0000000084100000| Untracked 
|  12|0x0000000084200000, 0x0000000084300000, 0x0000000084300000|100%| O|  |TAMS 0x0000000084300000, 0x0000000084200000| Untracked 
|  13|0x0000000084300000, 0x0000000084400000, 0x0000000084400000|100%| O|  |TAMS 0x0000000084400000, 0x0000000084300000| Untracked 
|  14|0x0000000084400000, 0x0000000084500000, 0x0000000084500000|100%| O|  |TAMS 0x0000000084500000, 0x0000000084400000| Untracked 
|  15|0x0000000084500000, 0x0000000084600000, 0x0000000084600000|100%| O|  |TAMS 0x0000000084600000, 0x0000000084500000| Untracked 
|  16|0x0000000084600000, 0x0000000084700000, 0x0000000084700000|100%| O|  |TAMS 0x0000000084700000, 0x0000000084600000| Untracked 
|  17|0x0000000084700000, 0x0000000084800000, 0x0000000084800000|100%| O|  |TAMS 0x0000000084800000, 0x0000000084700000| Untracked 
|  18|0x0000000084800000, 0x0000000084900000, 0x0000000084900000|100%| O|  |TAMS 0x0000000084900000, 0x0000000084800000| Untracked 
|  19|0x0000000084900000, 0x0000000084a00000, 0x0000000084a00000|100%| O|  |TAMS 0x0000000084a00000, 0x0000000084900000| Untracked 
|  20|0x0000000084a00000, 0x0000000084b00000, 0x0000000084b00000|100%| O|  |TAMS 0x0000000084b00000, 0x0000000084a00000| Untracked 
|  21|0x0000000084b00000, 0x0000000084c00000, 0x0000000084c00000|100%| O|  |TAMS 0x0000000084c00000, 0x0000000084b00000| Untracked 
|  22|0x0000000084c00000, 0x0000000084d00000, 0x0000000084d00000|100%| O|  |TAMS 0x0000000084d00000, 0x0000000084c00000| Untracked 
|  23|0x0000000084d00000, 0x0000000084e00000, 0x0000000084e00000|100%| O|  |TAMS 0x0000000084e00000, 0x0000000084d00000| Untracked 
|  24|0x0000000084e00000, 0x0000000084f00000, 0x0000000084f00000|100%| O|  |TAMS 0x0000000084f00000, 0x0000000084e00000| Untracked 
|  25|0x0000000084f00000, 0x0000000085000000, 0x0000000085000000|100%| O|  |TAMS 0x0000000085000000, 0x0000000084f00000| Untracked 
|  26|0x0000000085000000, 0x0000000085100000, 0x0000000085100000|100%| O|  |TAMS 0x0000000085100000, 0x0000000085000000| Untracked 
|  27|0x0000000085100000, 0x0000000085200000, 0x0000000085200000|100%| O|  |TAMS 0x0000000085200000, 0x0000000085100000| Untracked 
|  28|0x0000000085200000, 0x0000000085300000, 0x0000000085300000|100%| O|  |TAMS 0x0000000085300000, 0x0000000085200000| Untracked 
|  29|0x0000000085300000, 0x0000000085400000, 0x0000000085400000|100%| O|  |TAMS 0x0000000085400000, 0x0000000085300000| Untracked 
|  30|0x0000000085400000, 0x0000000085500000, 0x0000000085500000|100%| O|  |TAMS 0x000000008544ac00, 0x0000000085400000| Untracked 
|  31|0x0000000085500000, 0x00000000855af400, 0x0000000085600000| 68%| O|  |TAMS 0x0000000085500000, 0x0000000085500000| Untracked 
|  32|0x0000000085600000, 0x0000000085600000, 0x0000000085700000|  0%| F|  |TAMS 0x0000000085600000, 0x0000000085600000| Untracked 
|  33|0x0000000085700000, 0x0000000085700000, 0x0000000085800000|  0%| F|  |TAMS 0x0000000085700000, 0x0000000085700000| Untracked 
|  34|0x0000000085800000, 0x0000000085800000, 0x0000000085900000|  0%| F|  |TAMS 0x0000000085800000, 0x0000000085800000| Untracked 
|  35|0x0000000085900000, 0x0000000085900000, 0x0000000085a00000|  0%| F|  |TAMS 0x0000000085900000, 0x0000000085900000| Untracked 
|  36|0x0000000085a00000, 0x0000000085a00000, 0x0000000085b00000|  0%| F|  |TAMS 0x0000000085a00000, 0x0000000085a00000| Untracked 
|  37|0x0000000085b00000, 0x0000000085b00000, 0x0000000085c00000|  0%| F|  |TAMS 0x0000000085b00000, 0x0000000085b00000| Untracked 
|  38|0x0000000085c00000, 0x0000000085c00000, 0x0000000085d00000|  0%| F|  |TAMS 0x0000000085c00000, 0x0000000085c00000| Untracked 
|  39|0x0000000085d00000, 0x0000000085d00000, 0x0000000085e00000|  0%| F|  |TAMS 0x0000000085d00000, 0x0000000085d00000| Untracked 
|  40|0x0000000085e00000, 0x0000000085e00000, 0x0000000085f00000|  0%| F|  |TAMS 0x0000000085e00000, 0x0000000085e00000| Untracked 
|  41|0x0000000085f00000, 0x0000000086000000, 0x0000000086000000|100%| S|CS|TAMS 0x0000000085f00000, 0x0000000085f00000| Complete 
|  42|0x0000000086000000, 0x0000000086100000, 0x0000000086100000|100%| S|CS|TAMS 0x0000000086000000, 0x0000000086000000| Complete 
|  43|0x0000000086100000, 0x0000000086100000, 0x0000000086200000|  0%| F|  |TAMS 0x0000000086100000, 0x0000000086100000| Untracked 
|  44|0x0000000086200000, 0x0000000086200000, 0x0000000086300000|  0%| F|  |TAMS 0x0000000086200000, 0x0000000086200000| Untracked 
|  45|0x0000000086300000, 0x0000000086300000, 0x0000000086400000|  0%| F|  |TAMS 0x0000000086300000, 0x0000000086300000| Untracked 
|  46|0x0000000086400000, 0x0000000086400000, 0x0000000086500000|  0%| F|  |TAMS 0x0000000086400000, 0x0000000086400000| Untracked 
|  47|0x0000000086500000, 0x0000000086500000, 0x0000000086600000|  0%| F|  |TAMS 0x0000000086500000, 0x0000000086500000| Untracked 
|  48|0x0000000086600000, 0x0000000086600000, 0x0000000086700000|  0%| F|  |TAMS 0x0000000086600000, 0x0000000086600000| Untracked 
|  49|0x0000000086700000, 0x0000000086700000, 0x0000000086800000|  0%| F|  |TAMS 0x0000000086700000, 0x0000000086700000| Untracked 
|  50|0x0000000086800000, 0x0000000086800000, 0x0000000086900000|  0%| F|  |TAMS 0x0000000086800000, 0x0000000086800000| Untracked 
|  51|0x0000000086900000, 0x0000000086900000, 0x0000000086a00000|  0%| F|  |TAMS 0x0000000086900000, 0x0000000086900000| Untracked 
|  52|0x0000000086a00000, 0x0000000086a00000, 0x0000000086b00000|  0%| F|  |TAMS 0x0000000086a00000, 0x0000000086a00000| Untracked 
|  53|0x0000000086b00000, 0x0000000086b00000, 0x0000000086c00000|  0%| F|  |TAMS 0x0000000086b00000, 0x0000000086b00000| Untracked 
|  54|0x0000000086c00000, 0x0000000086c00000, 0x0000000086d00000|  0%| F|  |TAMS 0x0000000086c00000, 0x0000000086c00000| Untracked 
|  55|0x0000000086d00000, 0x0000000086d00000, 0x0000000086e00000|  0%| F|  |TAMS 0x0000000086d00000, 0x0000000086d00000| Untracked 
|  56|0x0000000086e00000, 0x0000000086e00000, 0x0000000086f00000|  0%| F|  |TAMS 0x0000000086e00000, 0x0000000086e00000| Untracked 
|  57|0x0000000086f00000, 0x0000000086f00000, 0x0000000087000000|  0%| F|  |TAMS 0x0000000086f00000, 0x0000000086f00000| Untracked 
|  58|0x0000000087000000, 0x0000000087000000, 0x0000000087100000|  0%| F|  |TAMS 0x0000000087000000, 0x0000000087000000| Untracked 
|  59|0x0000000087100000, 0x0000000087100000, 0x0000000087200000|  0%| F|  |TAMS 0x0000000087100000, 0x0000000087100000| Untracked 
|  60|0x0000000087200000, 0x0000000087200000, 0x0000000087300000|  0%| F|  |TAMS 0x0000000087200000, 0x0000000087200000| Untracked 
|  61|0x0000000087300000, 0x0000000087300000, 0x0000000087400000|  0%| F|  |TAMS 0x0000000087300000, 0x0000000087300000| Untracked 
|  62|0x0000000087400000, 0x0000000087400000, 0x0000000087500000|  0%| F|  |TAMS 0x0000000087400000, 0x0000000087400000| Untracked 
|  63|0x0000000087500000, 0x0000000087500000, 0x0000000087600000|  0%| F|  |TAMS 0x0000000087500000, 0x0000000087500000| Untracked 
|  64|0x0000000087600000, 0x0000000087600000, 0x0000000087700000|  0%| F|  |TAMS 0x0000000087600000, 0x0000000087600000| Untracked 
|  65|0x0000000087700000, 0x0000000087700000, 0x0000000087800000|  0%| F|  |TAMS 0x0000000087700000, 0x0000000087700000| Untracked 
|  66|0x0000000087800000, 0x0000000087800000, 0x0000000087900000|  0%| F|  |TAMS 0x0000000087800000, 0x0000000087800000| Untracked 
|  67|0x0000000087900000, 0x0000000087900000, 0x0000000087a00000|  0%| F|  |TAMS 0x0000000087900000, 0x0000000087900000| Untracked 
|  68|0x0000000087a00000, 0x0000000087a00000, 0x0000000087b00000|  0%| F|  |TAMS 0x0000000087a00000, 0x0000000087a00000| Untracked 
|  69|0x0000000087b00000, 0x0000000087b00000, 0x0000000087c00000|  0%| F|  |TAMS 0x0000000087b00000, 0x0000000087b00000| Untracked 
|  70|0x0000000087c00000, 0x0000000087c00000, 0x0000000087d00000|  0%| F|  |TAMS 0x0000000087c00000, 0x0000000087c00000| Untracked 
|  71|0x0000000087d00000, 0x0000000087d00000, 0x0000000087e00000|  0%| F|  |TAMS 0x0000000087d00000, 0x0000000087d00000| Untracked 
|  72|0x0000000087e00000, 0x0000000087e00000, 0x0000000087f00000|  0%| F|  |TAMS 0x0000000087e00000, 0x0000000087e00000| Untracked 
|  73|0x0000000087f00000, 0x0000000087f00000, 0x0000000088000000|  0%| F|  |TAMS 0x0000000087f00000, 0x0000000087f00000| Untracked 
|  74|0x0000000088000000, 0x0000000088000000, 0x0000000088100000|  0%| F|  |TAMS 0x0000000088000000, 0x0000000088000000| Untracked 
|  75|0x0000000088100000, 0x0000000088100000, 0x0000000088200000|  0%| F|  |TAMS 0x0000000088100000, 0x0000000088100000| Untracked 
|  76|0x0000000088200000, 0x0000000088200000, 0x0000000088300000|  0%| F|  |TAMS 0x0000000088200000, 0x0000000088200000| Untracked 
|  77|0x0000000088300000, 0x0000000088300000, 0x0000000088400000|  0%| F|  |TAMS 0x0000000088300000, 0x0000000088300000| Untracked 
|  78|0x0000000088400000, 0x0000000088400000, 0x0000000088500000|  0%| F|  |TAMS 0x0000000088400000, 0x0000000088400000| Untracked 
|  94|0x0000000089400000, 0x0000000089400000, 0x0000000089500000|  0%| F|  |TAMS 0x0000000089400000, 0x0000000089400000| Untracked 
|  95|0x0000000089500000, 0x0000000089500000, 0x0000000089600000|  0%| F|  |TAMS 0x0000000089500000, 0x0000000089500000| Untracked 
|  96|0x0000000089600000, 0x0000000089600000, 0x0000000089700000|  0%| F|  |TAMS 0x0000000089600000, 0x0000000089600000| Untracked 
|  97|0x0000000089700000, 0x0000000089780f18, 0x0000000089800000| 50%| E|  |TAMS 0x0000000089700000, 0x0000000089700000| Complete 
|  98|0x0000000089800000, 0x0000000089900000, 0x0000000089900000|100%| E|CS|TAMS 0x0000000089800000, 0x0000000089800000| Complete 
| 125|0x000000008b300000, 0x000000008b400000, 0x000000008b400000|100%| E|CS|TAMS 0x000000008b300000, 0x000000008b300000| Complete 

Card table byte_map: [0x000001cc72fb0000,0x000001cc733a0000] _byte_map_base: 0x000001cc72b95000

Marking Bits (Prev, Next): (CMBitMap*) 0x000001cc6f753850, (CMBitMap*) 0x000001cc6f753810
 Prev Bits: [0x000001cc756c0000, 0x000001cc775e8000)
 Next Bits: [0x000001cc73790000, 0x000001cc756b8000)

Polling page: 0x000001cc6eec0000

Metaspace:

Usage:
  Non-class:     41.26 MB used.
      Class:      5.63 MB used.
       Both:     46.90 MB used.

Virtual space:
  Non-class space:       48.00 MB reserved,      41.38 MB ( 86%) committed,  6 nodes.
      Class space:        1.00 GB reserved,       5.75 MB ( <1%) committed,  1 nodes.
             Both:        1.05 GB reserved,      47.12 MB (  4%) committed. 

Chunk freelists:
   Non-Class:  2.20 MB
       Class:  2.19 MB
        Both:  4.39 MB

MaxMetaspaceSize: unlimited
CompressedClassSpaceSize: 1.00 GB
Initial GC threshold: 21.00 MB
Current GC threshold: 78.06 MB
CDS: off
MetaspaceReclaimPolicy: balanced
 - commit_granule_bytes: 65536.
 - commit_granule_words: 8192.
 - virtual_space_node_default_size: 1048576.
 - enlarge_chunks_in_place: 1.
 - new_chunks_are_fully_committed: 0.
 - uncommit_free_chunks: 1.
 - use_allocation_guard: 0.
 - handle_deallocations: 1.


Internal statistics:

num_allocs_failed_limit: 9.
num_arena_births: 206.
num_arena_deaths: 0.
num_vsnodes_births: 7.
num_vsnodes_deaths: 0.
num_space_committed: 752.
num_space_uncommitted: 0.
num_chunks_returned_to_freelist: 9.
num_chunks_taken_from_freelist: 1557.
num_chunk_merges: 9.
num_chunk_splits: 1251.
num_chunks_enlarged: 1111.
num_purges: 0.
num_inconsistent_stats: 0.

CodeHeap 'non-profiled nmethods': size=120000Kb used=1702Kb max_used=1702Kb free=118297Kb
 bounds [0x000001cc07ad0000, 0x000001cc07d40000, 0x000001cc0f000000]
CodeHeap 'profiled nmethods': size=120000Kb used=7300Kb max_used=7300Kb free=112700Kb
 bounds [0x000001cc00000000, 0x000001cc00730000, 0x000001cc07530000]
CodeHeap 'non-nmethods': size=5760Kb used=1290Kb max_used=1334Kb free=4469Kb
 bounds [0x000001cc07530000, 0x000001cc077a0000, 0x000001cc07ad0000]
 total_blobs=4261 nmethods=3665 adapters=508
 compilation: enabled
              stopped_count=0, restarted_count=0
 full_count=0

Compilation events (20 events):
Event: 2.855 Thread 0x000001cc7a554ea0 3648       3       org.jetbrains.kotlin.metadata.ProtoBuf$Type$Argument::getSerializedSize (97 bytes)
Event: 2.856 Thread 0x000001cc7a6bb610 nmethod 3590 0x000001cc07c70d10 code [0x000001cc07c70f60, 0x000001cc07c72f50]
Event: 2.856 Thread 0x000001cc7a6bb610 3605       4       org.jetbrains.kotlin.protobuf.CodedInputStream::isAtEnd (25 bytes)
Event: 2.856 Thread 0x000001cc7a554ea0 nmethod 3648 0x000001cc0070f990 code [0x000001cc0070fc20, 0x000001cc00710678]
Event: 2.856 Thread 0x000001cc7a554ea0 3649       3       org.jetbrains.kotlin.metadata.ProtoBuf$Package::getFunction (14 bytes)
Event: 2.856 Thread 0x000001cc7a554ea0 nmethod 3649 0x000001cc00710a90 code [0x000001cc00710c40, 0x000001cc00710ee8]
Event: 2.856 Thread 0x000001cc7a554ea0 3650       3       org.jetbrains.kotlin.load.kotlin.FileBasedKotlinClass::getClassHeader (14 bytes)
Event: 2.856 Thread 0x000001cc7a554ea0 nmethod 3650 0x000001cc00711010 code [0x000001cc007111c0, 0x000001cc00711348]
Event: 2.857 Thread 0x000001cc7a554ea0 3651       3       org.jetbrains.kotlin.metadata.ProtoBuf$Function::writeTo (448 bytes)
Event: 2.858 Thread 0x000001cc7a6bb610 nmethod 3605 0x000001cc07c74110 code [0x000001cc07c742a0, 0x000001cc07c744f8]
Event: 2.858 Thread 0x000001cc7a6bb610 3602       4       org.jetbrains.kotlin.protobuf.CodedInputStream::readTag (41 bytes)
Event: 2.859 Thread 0x000001cc7a554ea0 nmethod 3651 0x000001cc00711410 code [0x000001cc00711c60, 0x000001cc00715f98]
Event: 2.861 Thread 0x000001cc7a554ea0 3652       3       org.jetbrains.kotlin.protobuf.FieldSet::setField (124 bytes)
Event: 2.862 Thread 0x000001cc7a554ea0 nmethod 3652 0x000001cc00717890 code [0x000001cc00717b20, 0x000001cc00718af8]
Event: 2.862 Thread 0x000001cc7a554ea0 3653       3       org.jetbrains.kotlin.metadata.jvm.deserialization.JvmNameResolverBase::getString (450 bytes)
Event: 2.864 Thread 0x000001cc7a554ea0 nmethod 3653 0x000001cc00718f90 code [0x000001cc00719400, 0x000001cc0071b2a8]
Event: 2.864 Thread 0x000001cc7a554ea0 3655       3       org.jetbrains.kotlin.metadata.jvm.JvmProtoBuf$JvmMethodSignature::getSerializedSize (73 bytes)
Event: 2.864 Thread 0x000001cc7a554ea0 nmethod 3655 0x000001cc0071bd90 code [0x000001cc0071bfc0, 0x000001cc0071c708]
Event: 2.865 Thread 0x000001cc7a6bb610 nmethod 3602 0x000001cc07c74710 code [0x000001cc07c748c0, 0x000001cc07c74e08]
Event: 2.865 Thread 0x000001cc7a554ea0 3656       3       org.jetbrains.kotlin.metadata.ProtoBuf$ValueParameter::getSerializedSize (171 bytes)

GC Heap History (20 events):
Event: 1.321 GC heap before
{Heap before GC invocations=4 (full 0):
 garbage-first heap   total 45056K, used 35222K [0x0000000083600000, 0x0000000100000000)
  region size 1024K, 26 young (26624K), 5 survivors (5120K)
 Metaspace       used 28001K, committed 28288K, reserved 1081344K
  class space    used 3075K, committed 3200K, reserved 1048576K
}
Event: 1.327 GC heap after
{Heap after GC invocations=5 (full 0):
 garbage-first heap   total 45056K, used 16618K [0x0000000083600000, 0x0000000100000000)
  region size 1024K, 2 young (2048K), 2 survivors (2048K)
 Metaspace       used 28001K, committed 28288K, reserved 1081344K
  class space    used 3075K, committed 3200K, reserved 1048576K
}
Event: 1.545 GC heap before
{Heap before GC invocations=5 (full 0):
 garbage-first heap   total 45056K, used 33002K [0x0000000083600000, 0x0000000100000000)
  region size 1024K, 18 young (18432K), 2 survivors (2048K)
 Metaspace       used 31603K, committed 31808K, reserved 1081344K
  class space    used 3826K, committed 3904K, reserved 1048576K
}
Event: 1.552 GC heap after
{Heap after GC invocations=6 (full 0):
 garbage-first heap   total 45056K, used 19421K [0x0000000083600000, 0x0000000100000000)
  region size 1024K, 3 young (3072K), 3 survivors (3072K)
 Metaspace       used 31603K, committed 31808K, reserved 1081344K
  class space    used 3826K, committed 3904K, reserved 1048576K
}
Event: 1.688 GC heap before
{Heap before GC invocations=6 (full 0):
 garbage-first heap   total 45056K, used 33757K [0x0000000083600000, 0x0000000100000000)
  region size 1024K, 16 young (16384K), 3 survivors (3072K)
 Metaspace       used 31749K, committed 32000K, reserved 1081344K
  class space    used 3826K, committed 3904K, reserved 1048576K
}
Event: 1.697 GC heap after
{Heap after GC invocations=7 (full 0):
 garbage-first heap   total 54272K, used 24882K [0x0000000083600000, 0x0000000100000000)
  region size 1024K, 2 young (2048K), 2 survivors (2048K)
 Metaspace       used 31749K, committed 32000K, reserved 1081344K
  class space    used 3826K, committed 3904K, reserved 1048576K
}
Event: 1.890 GC heap before
{Heap before GC invocations=7 (full 0):
 garbage-first heap   total 54272K, used 38194K [0x0000000083600000, 0x0000000100000000)
  region size 1024K, 16 young (16384K), 2 survivors (2048K)
 Metaspace       used 34299K, committed 34560K, reserved 1081344K
  class space    used 4329K, committed 4416K, reserved 1048576K
}
Event: 1.897 GC heap after
{Heap after GC invocations=8 (full 0):
 garbage-first heap   total 54272K, used 27632K [0x0000000083600000, 0x0000000100000000)
  region size 1024K, 2 young (2048K), 2 survivors (2048K)
 Metaspace       used 34299K, committed 34560K, reserved 1081344K
  class space    used 4329K, committed 4416K, reserved 1048576K
}
Event: 1.980 GC heap before
{Heap before GC invocations=8 (full 0):
 garbage-first heap   total 54272K, used 33776K [0x0000000083600000, 0x0000000100000000)
  region size 1024K, 9 young (9216K), 2 survivors (2048K)
 Metaspace       used 35915K, committed 36160K, reserved 1081344K
  class space    used 4497K, committed 4608K, reserved 1048576K
}
Event: 1.984 GC heap after
{Heap after GC invocations=9 (full 0):
 garbage-first heap   total 54272K, used 28719K [0x0000000083600000, 0x0000000100000000)
  region size 1024K, 1 young (1024K), 1 survivors (1024K)
 Metaspace       used 35915K, committed 36160K, reserved 1081344K
  class space    used 4497K, committed 4608K, reserved 1048576K
}
Event: 2.102 GC heap before
{Heap before GC invocations=10 (full 0):
 garbage-first heap   total 54272K, used 41007K [0x0000000083600000, 0x0000000100000000)
  region size 1024K, 13 young (13312K), 1 survivors (1024K)
 Metaspace       used 37539K, committed 37824K, reserved 1089536K
  class space    used 4691K, committed 4800K, reserved 1048576K
}
Event: 2.106 GC heap after
{Heap after GC invocations=11 (full 0):
 garbage-first heap   total 54272K, used 28591K [0x0000000083600000, 0x0000000100000000)
  region size 1024K, 2 young (2048K), 2 survivors (2048K)
 Metaspace       used 37539K, committed 37824K, reserved 1089536K
  class space    used 4691K, committed 4800K, reserved 1048576K
}
Event: 2.261 GC heap before
{Heap before GC invocations=12 (full 0):
 garbage-first heap   total 54272K, used 40879K [0x0000000083600000, 0x0000000100000000)
  region size 1024K, 14 young (14336K), 2 survivors (2048K)
 Metaspace       used 39950K, committed 40192K, reserved 1089536K
  class space    used 4942K, committed 5056K, reserved 1048576K
}
Event: 2.266 GC heap after
{Heap after GC invocations=13 (full 0):
 garbage-first heap   total 54272K, used 30316K [0x0000000083600000, 0x0000000100000000)
  region size 1024K, 2 young (2048K), 2 survivors (2048K)
 Metaspace       used 39950K, committed 40192K, reserved 1089536K
  class space    used 4942K, committed 5056K, reserved 1048576K
}
Event: 2.402 GC heap before
{Heap before GC invocations=13 (full 0):
 garbage-first heap   total 54272K, used 40556K [0x0000000083600000, 0x0000000100000000)
  region size 1024K, 12 young (12288K), 2 survivors (2048K)
 Metaspace       used 42279K, committed 42560K, reserved 1089536K
  class space    used 5107K, committed 5248K, reserved 1048576K
}
Event: 2.406 GC heap after
{Heap after GC invocations=14 (full 0):
 garbage-first heap   total 54272K, used 31325K [0x0000000083600000, 0x0000000100000000)
  region size 1024K, 1 young (1024K), 1 survivors (1024K)
 Metaspace       used 42279K, committed 42560K, reserved 1089536K
  class space    used 5107K, committed 5248K, reserved 1048576K
}
Event: 2.549 GC heap before
{Heap before GC invocations=15 (full 0):
 garbage-first heap   total 60416K, used 40541K [0x0000000083600000, 0x0000000100000000)
  region size 1024K, 11 young (11264K), 1 survivors (1024K)
 Metaspace       used 44292K, committed 44608K, reserved 1089536K
  class space    used 5333K, committed 5504K, reserved 1048576K
}
Event: 2.552 GC heap after
{Heap after GC invocations=16 (full 0):
 garbage-first heap   total 60416K, used 32092K [0x0000000083600000, 0x0000000100000000)
  region size 1024K, 2 young (2048K), 2 survivors (2048K)
 Metaspace       used 44292K, committed 44608K, reserved 1089536K
  class space    used 5333K, committed 5504K, reserved 1048576K
}
Event: 2.848 GC heap before
{Heap before GC invocations=16 (full 0):
 garbage-first heap   total 60416K, used 46428K [0x0000000083600000, 0x0000000100000000)
  region size 1024K, 16 young (16384K), 2 survivors (2048K)
 Metaspace       used 47472K, committed 47744K, reserved 1097728K
  class space    used 5692K, committed 5824K, reserved 1048576K
}
Event: 2.853 GC heap after
{Heap after GC invocations=17 (full 0):
 garbage-first heap   total 87040K, used 33775K [0x0000000083600000, 0x0000000100000000)
  region size 1024K, 2 young (2048K), 2 survivors (2048K)
 Metaspace       used 47472K, committed 47744K, reserved 1097728K
  class space    used 5692K, committed 5824K, reserved 1048576K
}

Dll operation events (2 events):
Event: 0.006 Loaded shared library C:\Program Files\Android\Android Studio\jbr\bin\java.dll
Event: 0.865 Loaded shared library C:\Program Files\Android\Android Studio\jbr\bin\verify.dll

Deoptimization events (20 events):
Event: 2.825 Thread 0x000001cc6f6f8c00 Uncommon trap: trap_request=0xffffffc6 fr.pc=0x000001cc07bfeb08 relative=0x0000000000000328
Event: 2.825 Thread 0x000001cc6f6f8c00 Uncommon trap: reason=bimorphic_or_optimized_type_check action=maybe_recompile pc=0x000001cc07bfeb08 method=org.jetbrains.kotlin.protobuf.CodedInputStream.tryRefillBuffer(I)Z @ 177 c2
Event: 2.825 Thread 0x000001cc6f6f8c00 DEOPT PACKING pc=0x000001cc07bfeb08 sp=0x0000007558dfaf80
Event: 2.825 Thread 0x000001cc6f6f8c00 DEOPT UNPACKING pc=0x000001cc0758a1a3 sp=0x0000007558dfaeb8 mode 2
Event: 2.831 Thread 0x000001cc6f6f8c00 Uncommon trap: trap_request=0xffffffde fr.pc=0x000001cc07c32fcc relative=0x000000000000084c
Event: 2.831 Thread 0x000001cc6f6f8c00 Uncommon trap: reason=class_check action=maybe_recompile pc=0x000001cc07c32fcc method=org.jetbrains.kotlin.protobuf.FieldSet.isInitialized(Ljava/util/Map$Entry;)Z @ 92 c2
Event: 2.831 Thread 0x000001cc6f6f8c00 DEOPT PACKING pc=0x000001cc07c32fcc sp=0x0000007558dfb250
Event: 2.831 Thread 0x000001cc6f6f8c00 DEOPT UNPACKING pc=0x000001cc0758a1a3 sp=0x0000007558dfb198 mode 2
Event: 2.834 Thread 0x000001cc6f6f8c00 Uncommon trap: trap_request=0xffffffde fr.pc=0x000001cc07c32fcc relative=0x000000000000084c
Event: 2.834 Thread 0x000001cc6f6f8c00 Uncommon trap: reason=class_check action=maybe_recompile pc=0x000001cc07c32fcc method=org.jetbrains.kotlin.protobuf.FieldSet.isInitialized(Ljava/util/Map$Entry;)Z @ 92 c2
Event: 2.834 Thread 0x000001cc6f6f8c00 DEOPT PACKING pc=0x000001cc07c32fcc sp=0x0000007558dfb250
Event: 2.834 Thread 0x000001cc6f6f8c00 DEOPT UNPACKING pc=0x000001cc0758a1a3 sp=0x0000007558dfb198 mode 2
Event: 2.834 Thread 0x000001cc6f6f8c00 Uncommon trap: trap_request=0xffffffde fr.pc=0x000001cc07c32fcc relative=0x000000000000084c
Event: 2.834 Thread 0x000001cc6f6f8c00 Uncommon trap: reason=class_check action=maybe_recompile pc=0x000001cc07c32fcc method=org.jetbrains.kotlin.protobuf.FieldSet.isInitialized(Ljava/util/Map$Entry;)Z @ 92 c2
Event: 2.834 Thread 0x000001cc6f6f8c00 DEOPT PACKING pc=0x000001cc07c32fcc sp=0x0000007558dfb250
Event: 2.834 Thread 0x000001cc6f6f8c00 DEOPT UNPACKING pc=0x000001cc0758a1a3 sp=0x0000007558dfb198 mode 2
Event: 2.834 Thread 0x000001cc6f6f8c00 Uncommon trap: trap_request=0xffffffde fr.pc=0x000001cc07c32fcc relative=0x000000000000084c
Event: 2.834 Thread 0x000001cc6f6f8c00 Uncommon trap: reason=class_check action=maybe_recompile pc=0x000001cc07c32fcc method=org.jetbrains.kotlin.protobuf.FieldSet.isInitialized(Ljava/util/Map$Entry;)Z @ 92 c2
Event: 2.834 Thread 0x000001cc6f6f8c00 DEOPT PACKING pc=0x000001cc07c32fcc sp=0x0000007558dfb250
Event: 2.834 Thread 0x000001cc6f6f8c00 DEOPT UNPACKING pc=0x000001cc0758a1a3 sp=0x0000007558dfb198 mode 2

Classes unloaded (0 events):
No events

Classes redefined (0 events):
No events

Internal exceptions (20 events):
Event: 0.868 Thread 0x000001cc6f6f8c00 Exception <a 'java/lang/NoSuchMethodError'{0x000000008a5c3a80}: 'java.lang.Object java.lang.invoke.DirectMethodHandle$Holder.invokeStaticInit(java.lang.Object)'> (0x000000008a5c3a80) 
thrown [s\src\hotspot\share\interpreter\linkResolver.cpp, line 771]
Event: 0.960 Thread 0x000001cc6f6f8c00 Exception <a 'java/lang/NoSuchMethodError'{0x0000000089b4a340}: 'java.lang.Object java.lang.invoke.DirectMethodHandle$Holder.invokeStaticInit(java.lang.Object, int)'> (0x0000000089b4a340) 
thrown [s\src\hotspot\share\interpreter\linkResolver.cpp, line 771]
Event: 0.966 Thread 0x000001cc6f6f8c00 Exception <a 'java/lang/NoSuchMethodError'{0x0000000089bc9dd0}: 'void java.lang.invoke.DirectMethodHandle$Holder.invokeStatic(java.lang.Object, java.lang.Object)'> (0x0000000089bc9dd0) 
thrown [s\src\hotspot\share\interpreter\linkResolver.cpp, line 771]
Event: 0.980 Thread 0x000001cc6f6f8c00 Exception <a 'java/lang/NoSuchMethodError'{0x0000000089902c38}: 'long java.lang.invoke.DirectMethodHandle$Holder.invokeStatic(java.lang.Object)'> (0x0000000089902c38) 
thrown [s\src\hotspot\share\interpreter\linkResolver.cpp, line 771]
Event: 0.980 Thread 0x000001cc6f6f8c00 Exception <a 'java/lang/NoSuchMethodError'{0x0000000089906390}: 'long java.lang.invoke.DirectMethodHandle$Holder.invokeStaticInit(java.lang.Object)'> (0x0000000089906390) 
thrown [s\src\hotspot\share\interpreter\linkResolver.cpp, line 771]
Event: 1.033 Thread 0x000001cc6f6f8c00 Exception <a 'java/lang/NoSuchMethodError'{0x000000008595a7e8}: 'int java.lang.invoke.DirectMethodHandle$Holder.invokeStaticInit(java.lang.Object, java.lang.Object, java.lang.Object)'> (0x000000008595a7e8) 
thrown [s\src\hotspot\share\interpreter\linkResolver.cpp, line 771]
Event: 1.036 Thread 0x000001cc6f6f8c00 Exception <a 'java/lang/NoSuchMethodError'{0x0000000085982180}: 'int java.lang.invoke.DirectMethodHandle$Holder.invokeStaticInit(java.lang.Object, java.lang.Object)'> (0x0000000085982180) 
thrown [s\src\hotspot\share\interpreter\linkResolver.cpp, line 771]
Event: 1.048 Thread 0x000001cc6f6f8c00 Exception <a 'java/lang/NoSuchMethodError'{0x0000000085859b68}: 'void java.lang.invoke.DirectMethodHandle$Holder.invokeSpecial(java.lang.Object, java.lang.Object, java.lang.Object)'> (0x0000000085859b68) 
thrown [s\src\hotspot\share\interpreter\linkResolver.cpp, line 771]
Event: 1.240 Thread 0x000001cc6f6f8c00 Exception <a 'java/lang/NoSuchMethodError'{0x0000000084c11cb8}: 'void java.lang.invoke.DirectMethodHandle$Holder.invokeStatic(java.lang.Object, java.lang.Object, java.lang.Object, java.lang.Object)'> (0x0000000084c11cb8) 
thrown [s\src\hotspot\share\interpreter\linkResolver.cpp, line 771]
Event: 1.305 Thread 0x000001cc6f6f8c00 Exception <a 'java/lang/NoSuchMethodError'{0x00000000849ba100}: 'void java.lang.invoke.DirectMethodHandle$Holder.invokeStaticInit(java.lang.Object, java.lang.Object)'> (0x00000000849ba100) 
thrown [s\src\hotspot\share\interpreter\linkResolver.cpp, line 771]
Event: 1.378 Thread 0x000001cc6f6f8c00 Exception <a 'java/lang/NoSuchMethodError'{0x00000000896c7e00}: 'void java.lang.invoke.DirectMethodHandle$Holder.invokeVirtual(java.lang.Object, java.lang.Object)'> (0x00000000896c7e00) 
thrown [s\src\hotspot\share\interpreter\linkResolver.cpp, line 771]
Event: 1.382 Thread 0x000001cc6f6f8c00 Exception <a 'java/lang/NoSuchMethodError'{0x0000000089519458}: 'int java.lang.invoke.DirectMethodHandle$Holder.invokeVirtual(java.lang.Object, java.lang.Object)'> (0x0000000089519458) 
thrown [s\src\hotspot\share\interpreter\linkResolver.cpp, line 771]
Event: 1.394 Thread 0x000001cc6f6f8c00 Exception <a 'java/lang/NoSuchMethodError'{0x00000000895c8900}: 'java.lang.Object java.lang.invoke.Invokers$Holder.invokeExact_MT(java.lang.Object, java.lang.Object, java.lang.Object, java.lang.Object, java.lang.Object, java.lang.Object)'> (0x00000000895c8900) 
thrown [s\src\hotspot\share\interpreter\linkResolver.cpp, line 771]
Event: 2.030 Thread 0x000001cc6f6f8c00 Exception <a 'java/lang/NoSuchMethodError'{0x00000000896d20d8}: 'java.lang.Object java.lang.invoke.DirectMethodHandle$Holder.invokeVirtual(java.lang.Object, java.lang.Object, java.lang.Object)'> (0x00000000896d20d8) 
thrown [s\src\hotspot\share\interpreter\linkResolver.cpp, line 771]
Event: 2.593 Thread 0x000001cc6f6f8c00 Exception <a 'java/lang/NoSuchMethodError'{0x00000000897bf4b0}: 'java.lang.Object java.lang.invoke.DirectMethodHandle$Holder.invokeInterface(java.lang.Object, java.lang.Object)'> (0x00000000897bf4b0) 
thrown [s\src\hotspot\share\interpreter\linkResolver.cpp, line 771]
Event: 2.603 Thread 0x000001cc6f6f8c00 Exception <a 'java/lang/NoSuchMethodError'{0x000000008963ea40}: 'java.lang.Object java.lang.invoke.DirectMethodHandle$Holder.newInvokeSpecial(java.lang.Object, java.lang.Object, int)'> (0x000000008963ea40) 
thrown [s\src\hotspot\share\interpreter\linkResolver.cpp, line 771]
Event: 2.708 Thread 0x000001cc6f6f8c00 Implicit null exception at 0x000001cc07c470cc to 0x000001cc07c471a8
Event: 2.737 Thread 0x000001cc6f6f8c00 Exception <a 'java/lang/NoSuchMethodError'{0x0000000086afc8c8}: 'java.lang.Object java.lang.invoke.DirectMethodHandle$Holder.newInvokeSpecial(java.lang.Object, java.lang.Object, java.lang.Object, int)'> (0x0000000086afc8c8) 
thrown [s\src\hotspot\share\interpreter\linkResolver.cpp, line 771]
Event: 2.738 Thread 0x000001cc6f6f8c00 Exception <a 'java/lang/NoSuchMethodError'{0x0000000086901830}: 'java.lang.Object java.lang.invoke.DirectMethodHandle$Holder.invokeSpecial(java.lang.Object, java.lang.Object, java.lang.Object, java.lang.Object, int)'> (0x0000000086901830) 
thrown [s\src\hotspot\share\interpreter\linkResolver.cpp, line 771]
Event: 2.738 Thread 0x000001cc6f6f8c00 Exception <a 'java/lang/NoSuchMethodError'{0x00000000869056a0}: 'java.lang.Object java.lang.invoke.Invokers$Holder.linkToTargetMethod(java.lang.Object, java.lang.Object, int, java.lang.Object)'> (0x00000000869056a0) 
thrown [s\src\hotspot\share\interpreter\linkResolver.cpp, line 771]

VM Operations (20 events):
Event: 2.456 Executing VM operation: G1Concurrent
Event: 2.457 Executing VM operation: G1Concurrent done
Event: 2.549 Executing VM operation: G1CollectForAllocation
Event: 2.552 Executing VM operation: G1CollectForAllocation done
Event: 2.598 Executing VM operation: HandshakeAllThreads
Event: 2.598 Executing VM operation: HandshakeAllThreads done
Event: 2.666 Executing VM operation: HandshakeAllThreads
Event: 2.666 Executing VM operation: HandshakeAllThreads done
Event: 2.666 Executing VM operation: HandshakeAllThreads
Event: 2.666 Executing VM operation: HandshakeAllThreads done
Event: 2.723 Executing VM operation: HandshakeAllThreads
Event: 2.723 Executing VM operation: HandshakeAllThreads done
Event: 2.735 Executing VM operation: HandshakeAllThreads
Event: 2.735 Executing VM operation: HandshakeAllThreads done
Event: 2.783 Executing VM operation: ICBufferFull
Event: 2.783 Executing VM operation: ICBufferFull done
Event: 2.822 Executing VM operation: HandshakeAllThreads
Event: 2.822 Executing VM operation: HandshakeAllThreads done
Event: 2.848 Executing VM operation: G1CollectForAllocation
Event: 2.854 Executing VM operation: G1CollectForAllocation done

Events (20 events):
Event: 2.232 loading class java/lang/TypeNotPresentException
Event: 2.232 loading class java/lang/TypeNotPresentException done
Event: 2.289 loading class sun/reflect/generics/scope/MethodScope
Event: 2.289 loading class sun/reflect/generics/scope/MethodScope done
Event: 2.289 loading class sun/reflect/generics/repository/MethodRepository
Event: 2.289 loading class sun/reflect/generics/repository/MethodRepository done
Event: 2.553 loading class java/util/EmptyStackException
Event: 2.553 loading class java/util/EmptyStackException done
Event: 2.558 loading class java/util/BitSet
Event: 2.558 loading class java/util/BitSet done
Event: 2.559 loading class java/util/PrimitiveIterator$OfInt
Event: 2.559 loading class java/util/PrimitiveIterator
Event: 2.559 loading class java/util/PrimitiveIterator done
Event: 2.559 loading class java/util/PrimitiveIterator$OfInt done
Event: 2.568 loading class java/util/AbstractMap$SimpleImmutableEntry
Event: 2.568 loading class java/util/AbstractMap$SimpleImmutableEntry done
Event: 2.602 loading class java/util/function/IntUnaryOperator
Event: 2.603 loading class java/util/function/IntUnaryOperator done
Event: 2.722 loading class java/util/ArrayList$ListItr
Event: 2.723 loading class java/util/ArrayList$ListItr done


Dynamic libraries:
0x00007ff77bba0000 - 0x00007ff77bbaa000 	C:\Program Files\Android\Android Studio\jbr\bin\java.exe
0x00007ffbf4430000 - 0x00007ffbf4647000 	C:\Windows\SYSTEM32\ntdll.dll
0x00007ffbf3ba0000 - 0x00007ffbf3c64000 	C:\Windows\System32\KERNEL32.DLL
0x00007ffbf17a0000 - 0x00007ffbf1b45000 	C:\Windows\System32\KERNELBASE.dll
0x00007ffbf1b80000 - 0x00007ffbf1c91000 	C:\Windows\System32\ucrtbase.dll
0x00007ffbd3c00000 - 0x00007ffbd3c1b000 	C:\Program Files\Android\Android Studio\jbr\bin\VCRUNTIME140.dll
0x00007ffbd3d10000 - 0x00007ffbd3d27000 	C:\Program Files\Android\Android Studio\jbr\bin\jli.dll
0x00007ffbf3740000 - 0x00007ffbf38ee000 	C:\Windows\System32\USER32.dll
0x00007ffbd7ad0000 - 0x00007ffbd7d63000 	C:\Windows\WinSxS\amd64_microsoft.windows.common-controls_6595b64144ccf1df_6.0.22621.2506_none_270c5ae97388e100\COMCTL32.dll
0x00007ffbf1b50000 - 0x00007ffbf1b76000 	C:\Windows\System32\win32u.dll
0x00007ffbf39e0000 - 0x00007ffbf3a87000 	C:\Windows\System32\msvcrt.dll
0x00007ffbf2e70000 - 0x00007ffbf2e99000 	C:\Windows\System32\GDI32.dll
0x00007ffbf2060000 - 0x00007ffbf2179000 	C:\Windows\System32\gdi32full.dll
0x00007ffbf1ca0000 - 0x00007ffbf1d3a000 	C:\Windows\System32\msvcp_win.dll
0x00007ffbf3df0000 - 0x00007ffbf3e21000 	C:\Windows\System32\IMM32.DLL
0x00007ffbd3bf0000 - 0x00007ffbd3bfc000 	C:\Program Files\Android\Android Studio\jbr\bin\vcruntime140_1.dll
0x00007ffbbb960000 - 0x00007ffbbb9ed000 	C:\Program Files\Android\Android Studio\jbr\bin\msvcp140.dll
0x00007ffb45fa0000 - 0x00007ffb46c0e000 	C:\Program Files\Android\Android Studio\jbr\bin\server\jvm.dll
0x00007ffbf3920000 - 0x00007ffbf39d1000 	C:\Windows\System32\ADVAPI32.dll
0x00007ffbf3f60000 - 0x00007ffbf4006000 	C:\Windows\System32\sechost.dll
0x00007ffbf3c70000 - 0x00007ffbf3d87000 	C:\Windows\System32\RPCRT4.dll
0x00007ffbd3640000 - 0x00007ffbd3649000 	C:\Windows\SYSTEM32\WSOCK32.dll
0x00007ffbee640000 - 0x00007ffbee674000 	C:\Windows\SYSTEM32\WINMM.dll
0x00007ffbf3ee0000 - 0x00007ffbf3f51000 	C:\Windows\System32\WS2_32.dll
0x00007ffbe92b0000 - 0x00007ffbe92ba000 	C:\Windows\SYSTEM32\VERSION.dll
0x00007ffbf07f0000 - 0x00007ffbf0808000 	C:\Windows\SYSTEM32\kernel.appcore.dll
0x00007ffbd3be0000 - 0x00007ffbd3bea000 	C:\Program Files\Android\Android Studio\jbr\bin\jimage.dll
0x00007ffbeefe0000 - 0x00007ffbef213000 	C:\Windows\SYSTEM32\DBGHELP.DLL
0x00007ffbf2280000 - 0x00007ffbf2609000 	C:\Windows\System32\combase.dll
0x00007ffbf3660000 - 0x00007ffbf3737000 	C:\Windows\System32\OLEAUT32.dll
0x00007ffbee600000 - 0x00007ffbee632000 	C:\Windows\SYSTEM32\dbgcore.DLL
0x00007ffbf1d40000 - 0x00007ffbf1dba000 	C:\Windows\System32\bcryptPrimitives.dll
0x00007ffbcf330000 - 0x00007ffbcf355000 	C:\Program Files\Android\Android Studio\jbr\bin\java.dll
0x00007ffbcece0000 - 0x00007ffbcecf8000 	C:\Program Files\Android\Android Studio\jbr\bin\zip.dll
0x00007ffbf2610000 - 0x00007ffbf2e69000 	C:\Windows\System32\SHELL32.dll
0x00007ffbef680000 - 0x00007ffbeff74000 	C:\Windows\SYSTEM32\windows.storage.dll
0x00007ffbef540000 - 0x00007ffbef67e000 	C:\Windows\SYSTEM32\wintypes.dll
0x00007ffbf3a90000 - 0x00007ffbf3b83000 	C:\Windows\System32\SHCORE.dll
0x00007ffbf3d90000 - 0x00007ffbf3dee000 	C:\Windows\System32\shlwapi.dll
0x00007ffbf16d0000 - 0x00007ffbf16f6000 	C:\Windows\SYSTEM32\profapi.dll
0x00007ffbcd190000 - 0x00007ffbcd1a9000 	C:\Program Files\Android\Android Studio\jbr\bin\net.dll
0x00007ffbec010000 - 0x00007ffbec147000 	C:\Windows\SYSTEM32\WINHTTP.dll
0x00007ffbf0cd0000 - 0x00007ffbf0d39000 	C:\Windows\system32\mswsock.dll
0x00007ffbcb390000 - 0x00007ffbcb3a6000 	C:\Program Files\Android\Android Studio\jbr\bin\nio.dll
0x00007ffbcf780000 - 0x00007ffbcf790000 	C:\Program Files\Android\Android Studio\jbr\bin\verify.dll

dbghelp: loaded successfully - version: 4.0.5 - missing functions: none
symbol engine: initialized successfully - sym options: 0x614 - pdb path: .;C:\Program Files\Android\Android Studio\jbr\bin;C:\Windows\SYSTEM32;C:\Windows\WinSxS\amd64_microsoft.windows.common-controls_6595b64144ccf1df_6.0.22621.2506_none_270c5ae97388e100;C:\Program Files\Android\Android Studio\jbr\bin\server

VM Arguments:
java_command: org.jetbrains.kotlin.cli.jvm.K2JVMCompiler @C:\Users\fumik\AndroidStudioProjects\Shebetar\app\build\20231211_5179592267131267395.compiler.options
java_class_path (initial): C:\Users\fumik\.gradle\caches\modules-2\files-2.1\org.jetbrains.kotlin\kotlin-compiler-embeddable\1.8.10\b0757fd774344d54ce93f5ad6c30ba1c1731c8ff\kotlin-compiler-embeddable-1.8.10.jar;C:\Users\fumik\.gradle\caches\modules-2\files-2.1\org.jetbrains.kotlin\kotlin-stdlib\1.8.10\6d5560a229477df9406943d5feda5618e98eb64c\kotlin-stdlib-1.8.10.jar;C:\Users\fumik\.gradle\caches\modules-2\files-2.1\org.jetbrains.kotlin\kotlin-script-runtime\1.8.10\b13ea9c7e46d589139e56086a878763290e20bd5\kotlin-script-runtime-1.8.10.jar;C:\Users\fumik\.gradle\caches\modules-2\files-2.1\org.jetbrains.kotlin\kotlin-reflect\1.6.10\1cbe9c92c12a94eea200d23c2bbaedaf3daf5132\kotlin-reflect-1.6.10.jar;C:\Users\fumik\.gradle\caches\modules-2\files-2.1\org.jetbrains.kotlin\kotlin-daemon-embeddable\1.8.10\ad8541d9bc1cf9e52c3204161247910c2cf601d4\kotlin-daemon-embeddable-1.8.10.jar;C:\Users\fumik\.gradle\caches\modules-2\files-2.1\org.jetbrains.intellij.deps\trove4j\1.0.20200330\3afb14d5f9ceb459d724e907a21145e8ff394f02\trove4j-1.0.20200330.jar;C:\Users\fumik\.gradle\caches\modules-2\files-2.1\net.java.dev.jna\jna\5.6.0\330f2244e9030119ab3030fc3fededc86713d9cc\jna-5.6.0.jar;C:\Users\fumik\.gradle\caches\modules-2\files-2.1\org.jetbrains.kotlin\kotlin-stdlib-common\1.8.10\a61b182458550492c12aee66157d7b524a63a5ec\kotlin-stdlib-common-1.8.10.jar;C:\Users\fumik\.gradle\caches\modules-2\files-2.1\org.jetbrains\annotations\13.0\919f0dfe192fb4e063e7dacadee7f8bb9a2672a9\annotations-13.0.jar
Launcher Type: SUN_STANDARD

[Global flags]
     intx CICompilerCount                          = 3                                         {product} {ergonomic}
     uint ConcGCThreads                            = 1                                         {product} {ergonomic}
     uint G1ConcRefinementThreads                  = 4                                         {product} {ergonomic}
   size_t G1HeapRegionSize                         = 1048576                                   {product} {ergonomic}
    uintx GCDrainStackTargetSize                   = 64                                        {product} {ergonomic}
   size_t InitialHeapSize                          = 132120576                                 {product} {ergonomic}
   size_t MarkStackSize                            = 4194304                                   {product} {ergonomic}
   size_t MaxHeapSize                              = 2090860544                                {product} {ergonomic}
   size_t MaxNewSize                               = 1254096896                                {product} {ergonomic}
   size_t MinHeapDeltaBytes                        = 1048576                                   {product} {ergonomic}
   size_t MinHeapSize                              = 8388608                                   {product} {ergonomic}
    uintx NonNMethodCodeHeapSize                   = 5832780                                {pd product} {ergonomic}
    uintx NonProfiledCodeHeapSize                  = 122912730                              {pd product} {ergonomic}
    uintx ProfiledCodeHeapSize                     = 122912730                              {pd product} {ergonomic}
    uintx ReservedCodeCacheSize                    = 251658240                              {pd product} {ergonomic}
     bool SegmentedCodeCache                       = true                                      {product} {ergonomic}
   size_t SoftMaxHeapSize                          = 2090860544                             {manageable} {ergonomic}
     bool UseCompressedClassPointers               = true                           {product lp64_product} {ergonomic}
     bool UseCompressedOops                        = true                           {product lp64_product} {ergonomic}
     bool UseG1GC                                  = true                                      {product} {ergonomic}
     bool UseLargePagesIndividualAllocation        = false                                  {pd product} {ergonomic}

Logging:
Log output configuration:
 #0: stdout all=warning uptime,level,tags
 #1: stderr all=off uptime,level,tags

Environment Variables:
PATH=C:\Program Files (x86)\Common Files\Oracle\Java\javapath;C:\Windows\system32;C:\Windows;C:\Windows\System32\Wbem;C:\Windows\System32\WindowsPowerShell\v1.0\;C:\Windows\System32\OpenSSH\;C:\Go\bin;C:\Program Files\dotnet\;C:\Program Files\Git\cmd;C:\Users\fumik\AppData\Local\Microsoft\WindowsApps;C:\Program Files\JetBrains\PyCharm Community Edition 2023.1.3\bin;C:\Program Files\JetBrains\GoLand 2023.1.3\bin;;C:\Users\fumik\AppData\Local\JetBrains\Toolbox\scripts;;C:\Users\fumik\AppData\Local\Programs\Microsoft VS Code\bin;C:\Users\fumik\go\bin;C:\Program Files\JetBrains\CLion 2023.2.1\bin;
USERNAME=fumik
OS=Windows_NT
PROCESSOR_IDENTIFIER=Intel64 Family 6 Model 140 Stepping 1, GenuineIntel
TMP=C:\Users\fumik\AppData\Local\Temp
TEMP=C:\Users\fumik\AppData\Local\Temp


JNI global refs:
JNI global refs: 9, weak refs: 0

JNI global refs memory usage: 843, weak refs: 841


---------------  S Y S T E M  ---------------

OS:
 Windows 11 , 64 bit Build 22621 (10.0.22621.2506)
OS uptime: 22 days 13:29 hours
Hyper-V role detected

CPU: total 4 (initial active 4) (2 cores per cpu, 2 threads per core) family 6 model 140 stepping 1 microcode 0x8a, cx8, cmov, fxsr, ht, mmx, 3dnowpref, sse, sse2, sse3, ssse3, sse4.1, sse4.2, popcnt, lzcnt, tsc, tscinvbit, avx, avx2, aes, erms, clmul, bmi1, bmi2, adx, avx512f, avx512dq, avx512cd, avx512bw, avx512vl, sha, fma, vzeroupper, avx512_vpopcntdq, avx512_vpclmulqdq, avx512_vaes, avx512_vnni, clflush, clflushopt, clwb, avx512_vbmi2, avx512_vbmi, hv

Memory: 4k page, system-wide physical 7975M (835M free)
TotalPageFile size 20775M (AvailPageFile size 5M)
current process WorkingSet (physical memory assigned to process): 199M, peak: 199M
current process commit charge ("private bytes"): 254M, peak: 255M

vm_info: OpenJDK 64-Bit Server VM (17.0.6+0-b2043.56-10027231) for windows-amd64 JRE (17.0.6+0-b2043.56-10027231), built on Apr 28 2023 00:43:19 by "androidbuild" with MS VC++ 16.10 / 16.11 (VS2019)

END.
